 general_logger.consumer | 2024-08-13 11:06:05,419| It was very hard doing the resistance field
 general_logger.producer | 2024-08-13 11:06:05,621| 1: It was very hard doing the resistance field
 general_logger.consumer | 2024-08-13 11:06:05,988| The easiest part was configuring the secondary secondary
 general_logger.producer | 2024-08-13 11:06:06,191| 2: The easiest part was configuring the secondary secondary
 general_logger.consumer | 2024-08-13 11:06:06,559| I am almost done configuring the field amplitude
 general_logger.producer | 2024-08-13 11:06:06,763| 3: I am almost done configuring the field amplitude
 general_logger.consumer | 2024-08-13 11:06:07,124| You have to make sure to set the algorithm right for the alignment non-linear
 general_logger.producer | 2024-08-13 11:06:07,327| 4: You have to make sure to set the algorithm right for the alignment non-linear
 general_logger.consumer | 2024-08-13 11:06:07,717| Just edit the config file for the resistance external
 general_logger.producer | 2024-08-13 11:06:07,923| 5: Just edit the config file for the resistance external
 general_logger.consumer | 2024-08-13 11:06:08,303| I spent a lot of time setting up the suppression resistance
 general_logger.producer | 2024-08-13 11:06:08,506| 6: I spent a lot of time setting up the suppression resistance
 general_logger.consumer | 2024-08-13 11:06:08,872| All you have to do is hash the inductance intermittent
 general_logger.producer | 2024-08-13 11:06:09,075| 7: All you have to do is hash the inductance intermittent
 general_logger.consumer | 2024-08-13 11:06:09,535| I spent a lot of time setting up the refraction traffic
 general_logger.producer | 2024-08-13 11:06:09,737| 8: I spent a lot of time setting up the refraction traffic
 general_logger.consumer | 2024-08-13 11:06:10,094| I spent a lot of time setting up the spatial impedance
 general_logger.producer | 2024-08-13 11:06:10,297| 9: I spent a lot of time setting up the spatial impedance
 general_logger.consumer | 2024-08-13 11:06:10,650| Make sure to set the parameters for virtual revenue
 general_logger.producer | 2024-08-13 11:06:10,854| 10: Make sure to set the parameters for virtual revenue
 general_logger.consumer | 2024-08-13 11:06:11,224| I was only stuck where you had to hash the external adapter
 general_logger.producer | 2024-08-13 11:06:11,427| 11: I was only stuck where you had to hash the external adapter
 general_logger.consumer | 2024-08-13 11:06:11,833| Just use cryptography on the thermal intermittent
 general_logger.producer | 2024-08-13 11:06:12,037| 12: Just use cryptography on the thermal intermittent
 general_logger.consumer | 2024-08-13 11:06:12,489| You have to make sure to set the algorithm right for the virtual adapter
 general_logger.producer | 2024-08-13 11:06:12,691| 13: You have to make sure to set the algorithm right for the virtual adapter
 general_logger.consumer | 2024-08-13 11:06:13,053| I was only stuck where you had to hash the amplitude opaque
 general_logger.producer | 2024-08-13 11:06:13,256| 14: I was only stuck where you had to hash the amplitude opaque
 general_logger.consumer | 2024-08-13 11:06:13,687| All you have to do is hash the revenue refraction
 general_logger.producer | 2024-08-13 11:06:13,889| 15: All you have to do is hash the revenue refraction
 general_logger.consumer | 2024-08-13 11:06:14,257| I am almost done configuring the intermittent non-linear
 general_logger.producer | 2024-08-13 11:06:14,460| 16: I am almost done configuring the intermittent non-linear
 general_logger.consumer | 2024-08-13 11:06:14,828| You have to fix the utility linear
 general_logger.producer | 2024-08-13 11:06:15,033| 17: You have to fix the utility linear
 general_logger.consumer | 2024-08-13 11:06:15,395| Its the part where you had to hash revenue phased
 general_logger.producer | 2024-08-13 11:06:15,599| 18: Its the part where you had to hash revenue phased
 general_logger.consumer | 2024-08-13 11:06:16,022| All you gotta do is properly set the analog modulation
 general_logger.producer | 2024-08-13 11:06:16,225| 19: All you gotta do is properly set the analog modulation
 general_logger.consumer | 2024-08-13 11:06:16,588| You should really get to fixing the velocity fusion
 general_logger.producer | 2024-08-13 11:06:16,790| 20: You should really get to fixing the velocity fusion
 general_logger.consumer | 2024-08-13 13:59:08,049| Message from RabbitMQ was proceeded: b'Make sure to modulate the refraction virtual'
 general_logger.consumer | 2024-08-13 13:59:08,613| Message from RabbitMQ was proceeded: b'I only had an error while configuring the resistance analog'
 general_logger.consumer | 2024-08-13 13:59:09,185| Message from RabbitMQ was proceeded: b'Make sure to set the parameters for distortion refraction'
 general_logger.consumer | 2024-08-13 13:59:09,781| Message from RabbitMQ was proceeded: b'All you gotta do is properly set the external field'
 general_logger.consumer | 2024-08-13 13:59:10,373| Message from RabbitMQ was proceeded: b'The easiest part was configuring the inductance adapter'
 general_logger.consumer | 2024-08-13 13:59:11,018| Message from RabbitMQ was proceeded: b'Just use cryptography on the losses cohesion'
 general_logger.consumer | 2024-08-13 13:59:11,587| Message from RabbitMQ was proceeded: b'You have to fix the heirarchy flow'
 general_logger.consumer | 2024-08-13 13:59:12,148| Message from RabbitMQ was proceeded: b'Just edit the config file for the phased interface'
 general_logger.consumer | 2024-08-13 13:59:12,705| Message from RabbitMQ was proceeded: b'It was very hard doing the mis-match fiber'
 general_logger.consumer | 2024-08-13 13:59:13,276| Message from RabbitMQ was proceeded: b'Make sure to modulate the thermal amplitude'
 general_logger.consumer | 2024-08-13 13:59:13,847| Message from RabbitMQ was proceeded: b'You have to fix the index anomalies'
 general_logger.consumer | 2024-08-13 13:59:14,391| Message from RabbitMQ was proceeded: b'The easiest part was configuring the external suppression'
 general_logger.consumer | 2024-08-13 13:59:14,940| Message from RabbitMQ was proceeded: b'All you gotta do is properly set the alignment fiber'
 general_logger.consumer | 2024-08-13 13:59:15,516| Message from RabbitMQ was proceeded: b'All you have to do is hash the storage reduction'
 general_logger.consumer | 2024-08-13 13:59:16,070| Message from RabbitMQ was proceeded: b'It was very hard doing the suppression distortion'
 general_logger.consumer | 2024-08-13 13:59:16,622| Message from RabbitMQ was proceeded: b'Just use cryptography on the non-linear intermittent'
 general_logger.consumer | 2024-08-13 13:59:17,226| Message from RabbitMQ was proceeded: b'I only had an error while configuring the field distortion'
 general_logger.consumer | 2024-08-13 13:59:17,807| Message from RabbitMQ was proceeded: b'I was only stuck where you had to hash the hard-wired linear'
 general_logger.consumer | 2024-08-13 13:59:18,362| Message from RabbitMQ was proceeded: b'I only had an error while configuring the modulation alignment'
 general_logger.consumer | 2024-08-13 13:59:18,925| Message from RabbitMQ was proceeded: b'Make sure to modulate the interface anomalies'
 general_logger.consumer | 2024-08-13 14:02:32,561| Message from RabbitMQ was proceeded: b'I am almost done configuring the refraction traffic'
 general_logger.consumer | 2024-08-13 14:02:32,561| Message from RabbitMQ was proceeded: b'You have to make sure to set the algorithm right for the flow secondary'
 general_logger.consumer | 2024-08-13 14:02:32,561| Message from RabbitMQ was proceeded: b'Make sure to modulate the traffic losses'
 general_logger.consumer | 2024-08-13 14:02:32,562| Message from RabbitMQ was proceeded: b'I should really get to fixing the storage temporal'
 general_logger.consumer | 2024-08-13 14:02:32,562| Message from RabbitMQ was proceeded: b'Make sure to set the parameters for revenue temporal'
 general_logger.consumer | 2024-08-13 14:02:32,563| Message from RabbitMQ was proceeded: b'You should really get to fixing the linear phased'
 general_logger.consumer | 2024-08-13 14:02:32,563| Message from RabbitMQ was proceeded: b'I am almost done configuring the analog non-linear'
 general_logger.consumer | 2024-08-13 14:02:32,563| Message from RabbitMQ was proceeded: b'You should really get to fixing the phased storage'
 general_logger.consumer | 2024-08-13 14:02:32,563| Message from RabbitMQ was proceeded: b'It was very hard doing the external interface'
 general_logger.consumer | 2024-08-13 14:02:32,563| Message from RabbitMQ was proceeded: b'Just edit the config file for the velocity flow'
 general_logger.consumer | 2024-08-13 14:02:32,563| Message from RabbitMQ was proceeded: b'I was only stuck where you had to hash the linear non-linear'
 general_logger.consumer | 2024-08-13 14:02:32,563| Message from RabbitMQ was proceeded: b'I was only stuck where you had to hash the field resistance'
 general_logger.consumer | 2024-08-13 14:02:32,564| Message from RabbitMQ was proceeded: b'I spent a lot of time setting up the power refraction'
 general_logger.consumer | 2024-08-13 14:02:32,564| Message from RabbitMQ was proceeded: b'Just edit the config file for the external resistance'
 general_logger.consumer | 2024-08-13 14:02:32,564| Message from RabbitMQ was proceeded: b'I should really get to fixing the memory utility'
 general_logger.consumer | 2024-08-13 14:02:32,564| Message from RabbitMQ was proceeded: b'I spent a lot of time setting up the virtual velocity'
 general_logger.consumer | 2024-08-13 14:02:32,564| Message from RabbitMQ was proceeded: b'Just gotta finishing setting interface for the storage storage'
 general_logger.consumer | 2024-08-13 14:02:32,564| Message from RabbitMQ was proceeded: b'I should really get to fixing the refraction suppression'
 general_logger.consumer | 2024-08-13 14:02:32,564| Message from RabbitMQ was proceeded: b'I only had an error while configuring the virtual adapter'
 general_logger.consumer | 2024-08-13 14:02:32,564| Message from RabbitMQ was proceeded: b'I should really get to fixing the analog impedance'
 general_logger.consumer | 2024-08-13 14:04:36,383| Message from RabbitMQ was proceeded: b'You have to make sure to set the algorithm right for the traffic thermal'
 general_logger.consumer | 2024-08-13 14:04:36,383| Message from RabbitMQ was proceeded: b'The easiest part was configuring the phased hard-wired'
 general_logger.consumer | 2024-08-13 14:04:36,383| Message from RabbitMQ was proceeded: b'You should really get to fixing the reduction virtual'
 general_logger.consumer | 2024-08-13 14:04:36,383| Message from RabbitMQ was proceeded: b'Make sure to set the parameters for inductance fusion'
 general_logger.consumer | 2024-08-13 14:04:36,384| Message from RabbitMQ was proceeded: b'The hardest part was setting the fragmentation interface'
 general_logger.consumer | 2024-08-13 14:04:36,384| Message from RabbitMQ was proceeded: b'I should really get to fixing the interface power'
 general_logger.consumer | 2024-08-13 14:04:36,384| Message from RabbitMQ was proceeded: b'The easiest part was configuring the memory coupling'
 general_logger.consumer | 2024-08-13 14:04:36,384| Message from RabbitMQ was proceeded: b'You should really get to fixing the alignment inductance'
 general_logger.consumer | 2024-08-13 14:04:36,384| Message from RabbitMQ was proceeded: b'Just edit the config file for the alignment power'
 general_logger.consumer | 2024-08-13 14:04:36,384| Message from RabbitMQ was proceeded: b'The easiest part was configuring the losses losses'
 general_logger.consumer | 2024-08-13 14:04:36,384| Message from RabbitMQ was proceeded: b'The hardest part was setting the fusion fragmentation'
 general_logger.consumer | 2024-08-13 14:04:36,384| Message from RabbitMQ was proceeded: b'Just gotta finishing setting interface for the traffic interface'
 general_logger.consumer | 2024-08-13 14:04:36,384| Message from RabbitMQ was proceeded: b'I spent a lot of time setting up the resistance suppression'
 general_logger.consumer | 2024-08-13 14:04:36,384| Message from RabbitMQ was proceeded: b'I am almost done configuring the power revenue'
 general_logger.consumer | 2024-08-13 14:04:36,385| Message from RabbitMQ was proceeded: b'You have to make sure to set the algorithm right for the external linear'
 general_logger.consumer | 2024-08-13 14:04:36,385| Message from RabbitMQ was proceeded: b'I should really get to fixing the velocity secondary'
 general_logger.consumer | 2024-08-13 14:04:36,386| Message from RabbitMQ was proceeded: b'I was only stuck where you had to hash the fusion revenue'
 general_logger.consumer | 2024-08-13 14:04:36,387| Message from RabbitMQ was proceeded: b'Make sure to set the parameters for secondary deviation'
 general_logger.consumer | 2024-08-13 14:04:36,389| Message from RabbitMQ was proceeded: b'I was only stuck where you had to hash the virtual field'
 general_logger.consumer | 2024-08-13 14:04:36,389| Message from RabbitMQ was proceeded: b'I am almost done configuring the losses spatial'
